(1639100529.782244) can0 7D1#0210030000000000
(1639100529.782245) can0 7D9#0650030053019400
(1639100529.782245) can0 7D1#0210020000000000
(1639100529.782246) can0 7D9#0650020453257900
(1639100529.782246) can0 7D1#0227030000000000
(1639100529.783136) can0 7D9#0667037FAD310A00
(1639100529.783136) can0 7D1#062704EDF1843B00
(1639100529.783136) can0 7D9#0267040000000000
(1639100529.783137) can0 7D1#01C63101FF342D2D
(1639100529.784147) can0 7D9#3000000000000000
(1639100529.784148) can0 7D1#212D2D2D42454749
(1639100529.784148) can0 7D1#224E205055424C49
(1639100529.784148) can0 7D1#2343204B45592D2D
(1639100529.784148) can0 7D1#242D2D2D0A4D4949
(1639100529.785350) can0 7D1#25424944414E4267
(1639100529.785350) can0 7D1#266B71686B694739
(1639100529.785351) can0 7D1#2777304241514546
(1639100529.785351) can0 7D1#2741414F43415130
(1639100529.786486) can0 7D1#29414D4949424341
(1639100529.786487) can0 7D1#2A4B4267514B502F
(1639100529.786487) can0 7D1#2B35335435763658
(1639100529.786487) can0 7D1#2C67575365742F35
(1639100529.816494) can0 7D1#2D656B7750500A61
(1639100529.816495) can0 7D1#2E574E487842454C
(1639100529.816495) can0 7D1#2F784C6F35616643
(1639100529.826369) can0 7D1#2078466D6D454446
(1639100529.866183) can0 7D1#214859476D684374
(1639100529.881159) can0 7D1#2274387243513868
(1639100529.881159) can0 7D1#237A5862554E7871
(1639100529.881160) can0 7D1#244D446B63456A4A
(1639100529.881160) can0 7D1#255A65796C74476B
(1639100529.881160) can0 7D1#26547237754E6F46
(1639100529.882281) can0 7D1#270A49484B67566D
(1639100529.882282) can0 7D1#2831774F63595971
(1639100529.882282) can0 7D1#29366B4756316D77
(1639100529.882282) can0 7D1#2A57654B65534633
(1639100529.883303) can0 7D1#2B4642686F577247
(1639100529.883303) can0 7D1#2C4D536C446A5A4E
(1639100529.883303) can0 7D1#2D55356C33316448
(1639100529.916441) can0 7D1#2E56477546327A31
(1639100529.926436) can0 7D1#2F706D426E457433
(1639100529.946355) can0 7D1#204D740A2B536648
(1639100529.966216) can0 7D1#2143457064557462
(1639100529.966216) can0 7D1#226D317172425247
(1639100529.966217) can0 7D1#2349304A514B4267
(1639100529.981101) can0 7D1#245148342B365151
(1639100529.981102) can0 7D1#254253333337614E
(1639100529.981102) can0 7D1#26474C7871733170
(1639100529.981102) can0 7D1#2735416467517A79
(1639100529.981103) can0 7D1#286A4E585A38317A
(1639100529.982272) can0 7D1#29426150510A6B49
(1639100529.982272) can0 7D1#2A42615839514633
(1639100529.982272) can0 7D1#2B573771634F6D50
(1639100529.982273) can0 7D1#2C444B48687A7956
(1639100529.983331) can0 7D1#2D4853476362384D
(1639100529.983331) can0 7D1#2E6D414273494F37
(1639100529.983332) can0 7D1#2F68316965515131
(1639100529.986530) can0 7D1#20436635366D434F
(1639100530.006390) can0 7D1#214C513546677057
(1639100530.016373) can0 7D1#224574707836510A
(1639100530.026510) can0 7D1#235252546F456F42
(1639100530.046453) can0 7D1#2468666A4238504E
(1639100530.066231) can0 7D1#254D7D103654472F
(1639100530.066231) can0 7D1#264B4D7D17644245
(1639100530.066232) can0 7D1#2748377359324479
(1639100530.081107) can0 7D1#2876533952766135
(1639100530.081107) can0 7D1#294B5871416F554C
(1639100530.081108) can0 7D1#2A64616238614E58
(1639100530.081108) can0 7D1#2B7A4C586B776743
(1639100530.081108) can0 7D1#2C320A325138566F
(1639100530.082283) can0 7D1#2D773D3D0A2D2D2D
(1639100530.082283) can0 7D1#2E2D2D454E442050
(1639100530.082283) can0 7D1#2F55424C4943204B
(1639100530.082284) can0 7D1#2045592D2D2D2D2D
(1639100530.083291) can0 7D9#7101FF3400000000
(1639100530.083291) can0 7D1#0322F15200000000
(1639100530.083292) can0 7D9#62F1520100000000
(1639100530.086573) can0 7D1#0211010000000000
(1639100530.106380) can0 7D9#0251010000000000